-1
2569
7289
-1
-1
5413
-1
-1
1165
-1
-1
-1
648
-1
-1
-1
1249
-1
9681
9092
-1
6629
5047
2227
-1
3900
-1
-1
411
-1
-1
7471
-1
-1
-1
-1
-1
2627
6381
-1
4580
9424
9595
-1
-1
9341
-1
-1
1400
380
387
7108
-1
-1
7769
859
7077
-1
9887
3288
-1
3650
5548
-1
8147
1727
-1
-1
-1
5060
-1
-1
-1
-1
65
6786
2185
7859
-1
-1
6094
5320
-1
7356
-1
-1
5648
-1
8402
544
-1
-1
4157
-1
5608
-1
6361
2155
-1
2179
-1
-1
-1
-1
-1
-1
-1
4142
-1
9045
7994
-1
3962
-1
1463
2524
5275
-1
4679
-1
3571
-1
-1
8826
2992
-1
-1
-1
3157
-1
-1
-1
1380
5222
-1
-1
693
4945
-1
823
-1
-1
-1
-1
-1
3883
5423
109
-1
7899
-1
4879
3315
7429
-1
-1
3795
4689
1681
1742
1111
9019
1404
-1
1003
-1
8486
8824
2748
6839
-1
731
7612
6491
8876
-1
4451
-1
5693
-1
-1
826
-1
-1
8811
-1
-1
-1
-1
737
4912
-1
-1
-1
9186
4183
3413
-1
-1
414
5822
5882
-1
-1
3119
-1
-1
-1
-1
-1
-1
5467
-1
-1
-1
-1
-1
5121
-1
-1
4678
9947
3825
-1
-1
-1
4101
9372
6571
-1
5026
3868
8514
9122
8856
6997
2157
1705
-1
-1
9580
3284
-1
7398
-1
6622
8985
-1
2819
7747
1377
8128
3192
5357
-1
9863
-1
-1
523
5338
-1
4795
7090
6475
6627
5904
6481
-1
7191
-1
5676
8491
-1
1293
7074
118
3798
4766
-1
-1
475
-1
-1
-1
-1
1530
6736
3929
-1
-1
-1
4073
-1
8216
-1
9305
4937
6221
2131
-1
-1
3384
7172
-1
-1
-1
2233
2432
9827
4400
-1
-1
-1
-1
458
-1
-1
5938
3993
-1
5870
1695
5061
-1
2847
-1
-1
-1
-1
5656
3262
-1
-1
-1
-1
9345
1370
-1
5510
-1
-1
3935
765
9076
-1
4575
-1
2573
1296
5558
9535
7701
5655
4889
-1
-1
949
-1
7475
2397
3303
-1
3644
4002
1290
1684
1187
1762
-1
8190
-1
1733
-1
4269
8181
8489
-1
5208
1467
-1
-1
-1
1961
-1
-1
8175
-1
-1
-1
4239
254
-1
-1
-1
7724
3982
-1
-1
-1
1548
-1
-1
-1
-1
-1
3255
-1
-1
-1
-1
-1
-1
-1
5201
-1
3158
-1
2876
-1
9762
3742
6225
9554
-1
-1
-1
-1
-1
-1
9167
-1
-1
9242
3754
-1
5644
9465
-1
1325
-1
-1
5607
-1
1776
870
-1
-1
1601
-1
-1
-1
3638
2931
-1
-1
6543
3749
-1
668
8033
3242
-1
-1
3801
1423
-1
5986
4948
-1
-1
1849
4778
-1
1927
-1
-1
-1
-1
1258
9696
8263
-1
-1
-1
9608
2942
-1
3212
-1
-1
-1
2207
9491
5587
6982
5556
2520
5321
9159
-1
5025
-1
2556
3341
8457
9470
-1
4733
-1
-1
-1
5380
-1
-1
6468
-1
-1
-1
6330
7779
-1
-1
-1
-1
-1
1811
4152
-1
-1
5098
9599
-1
8123
-1
-1
-1
7448
9660
-1
-1
-1
3872
-1
5361
-1
-1
2555
-1
2373
9869
-1
-1
829
-1
-1
6257
4739
4489
3804
6554
-1
7001
7928
4307
-1
7734
-1
1687
-1
-1
5672
-1
6244
8186
1479
8271
9802
8382
-1
7199
4571
-1
7511
-1
-1
6834
5905
-1
5160
1051
9277
-1
8855
4583
38
135
467
-1
531
-1
4374
-1
-1
895
3049
2695
2355
1702
-1
546
-1
-1
-1
-1
6174
-1
3924
-1
5119
9993
-1
4647
3210
7101
712
-1
-1
-1
9245
2536
681
-1
-1
9208
-1
-1
-1
7413
-1
-1
-1
1026
-1
-1
5969
-1
6533
-1
-1
2372
-1
-1
-1
9108
-1
-1
-1
1752
-1
-1
5328
-1
-1
2856
3737
9469
1837
-1
4334
518
-1
-1
1132
-1
-1
-1
-1
677
582
-1
5360
8080
1491
7009
-1
-1
7229
705
5819
4270
6541
7250
-1
-1
6347
-1
-1
495
-1
6833
3209
9609
3568
5973
8351
-1
7729
-1
9627
8890
3031
-1
2773
-1
8073
-1
-1
-1
-1
-1
9738
3459
-1
4023
-1
-1
3875
-1
-1
4255
3670
4854
-1
3860
812
-1
9913
5326
-1
-1
-1
-1
-1
7288
2119
4059
7576
-1
1180
-1
-1
1591
-1
-1
-1
9281
9694
315
8503
-1
1355
9013
5422
-1
-1
661
4859
-1
4565
7071
-1
8155
6858
-1
-1
4865
-1
-1
5409
-1
5869
3030
7069
1066
-1
6219
-1
-1
8020
1856
4477
1520
1087
-1
3960
-1
-1
-1
1641
-1
-1
8195
-1
1089
4072
8179
6631
-1
-1
-1
-1
2535
967
6986
-1
4381
4561
-1
7228
-1
-1
-1
9146
-1
-1
9423
7391
8439
-1
9036
-1
-1
8573
145
-1
67
-1
8212
8051
9734
4685
4640
-1
-1
4783
-1
-1
-1
5901
5071
-1
3727
-1
-1
-1
3857
7352
4421
-1
1488
-1
-1
-1
-1
-1
-1
9055
6520
1768
5635
-1
1922
-1
-1
-1
4697
8026
7442
3897
-1
4949
-1
7135
-1
-1
-1
8590
-1
8951
9955
2706
-1
1443
-1
6848
-1
-1
-1
4668
8545
9965
3747
-1
3305
2003
-1
-1
-1
7041
3674
5493
-1
-1
-1
1175
-1
7697
5084
-1
2440
6961
-1
-1
-1
6410
-1
7646
1981
-1
-1
9792
7957
9493
-1
-1
770
8506
-1
1719
7557
-1
3376
1273
-1
2442
2891
6379
2714
1495
7125
-1
-1
5824
-1
2544
7898
6096
-1
-1
-1
2962
-1
5271
-1
5567
-1
5846
9188
-1
-1
6206
7843
8859
7530
-1
-1
-1
8717
3772
-1
-1
6252
-1
1224
101
-1
7512
1915
-1
493
-1
5403
-1
-1
8992
8904
1557
8729
-1
-1
9953
-1
-1
1232
-1
9956
-1
-1
9931
4729
-1
-1
-1
-1
-1
-1
2082
-1
9743
-1
9154
4422
-1
-1
1513
3497
332
1801
-1
7834
-1
7496
-1
1408
-1
-1
-1
5468
-1
3087
6229
-1
-1
8097
9751
293
9539
-1
3190
4155
3380
8956
8145
3818
-1
7625
4357
-1
1630
-1
-1
-1
2362
9702
7883
6054
8572
-1
-1
4230
1959
9618
-1
5076
8312
2843
-1
4119
1183
8813
-1
-1
2683
1350
-1
2470
4667
-1
2152
-1
-1
5908
-1
108
-1
-1
-1
-1
-1
373
-1
9085
6935
9194
8575
6850
532
-1
5604
1982
3399
-1
-1
982
2898
6403
-1
5821
6104
9822
-1
-1
1667
-1
-1
7358
-1
6037
-1
-1
9548
-1
-1
-1
-1
7421
-1
7490
8909
2619
-1
5187
-1
1528
4330
1276
-1
3335
-1
-1
-1
-1
6341
-1
4722
8991
-1
4876
-1
5581
-1
-1
6097
5485
2597
-1
-1
-1
2137
-1
-1
-1
6531
-1
6145
-1
3347
-1
7741
7555
-1
-1
885
-1
-1
-1
-1
7917
-1
-1
7096
5056
8234
416
-1
-1
121
-1
9826
-1
1631
6354
-1
-1
-1
-1
3234
9367
3762
1859
-1
-1
5606
-1
4452
5529
7778
-1
-1
-1
4512
4762
-1
7259
6196
-1
9017
2892
-1
6933
6141
-1
1939
572
-1
-1
8595
-1
356
9941
-1
-1
1203
-1
-1
9317
-1
-1
1862
896
8485
9361
8617
1493
-1
484
-1
3746
-1
5261
-1
8447
-1
3462
-1
-1
2871
-1
-1
-1
-1
-1
9732
6407
-1
1619
-1
-1
4146
1226
1531
4873
-1
3143
-1
3273
-1
-1
-1
7156
9056
2848
-1
8066
-1
-1
77
-1
-1
7371
-1
5487
8419
-1
-1
-1
-1
-1
4402
-1
-1
-1
335
-1
-1
986
4250
-1
-1
8152
-1
9436
-1
7880
2486
8554
-1
-1
8027
-1
-1
-1
-1
3963
2257
6217
-1
2603
5890
-1
2456
-1
-1
-1
-1
-1
9861
-1
3553
1921
6342
-1
-1
852
-1
3331
-1
6791
4693
3577
-1
5364
-1
1124
1339
-1
1094
-1
-1
4658
-1
-1
4401
-1
-1
-1
-1
-1
-1
7698
7190
-1
2734
6315
-1
313
-1
2768
-1
9979
-1
-1
1550
4235
7549
56
3766
-1
4083
5250
-1
-1
5113
-1
-1
8154
215
4543
99
8781
-1
-1
3621
5486
6751
1497
-1
-1
9903
9803
-1
-1
-1
-1
-1
-1
3082
-1
4603
-1
567
6118
-1
3153
3126
5689
5858
-1
-1
1599
-1
-1
-1
6779
5571
1131
3829
-1
-1
7606
1344
4223
-1
5147
2960
-1
1994
-1
3758
6435
1200
-1
7947
8208
3109
5703
-1
-1
-1
4871
3400
6253
361
-1
-1
-1
-1
9322
9231
-1
44
8746
-1
2661
-1
963
-1
4007
-1
-1
5566
1854
7703
4199
2263
-1
8793
3102
-1
993
-1
-1
-1
9950
-1
-1
4923
-1
-1
1104
4349
-1
-1
-1
7383
5383
8500
5322
3870
-1
-1
-1
3282
7047
-1
-1
4292
-1
-1
2100
-1
7270
-1
-1
7110
-1
3003
-1
-1
5754
-1
7664
5211
7091
-1
3293
4514
5622
-1
-1
-1
3516
-1
5330
900
-1
-1
9737
-1
1349
-1
9243
-1
4702
-1
-1
-1
1426
9546
2783
-1
1419
-1
-1
4552
-1
7451
-1
-1
-1
3994
2907
-1
8405
3707
-1
9895
3232
-1
-1
-1
5431
-1
72
-1
5884
-1
6057
-1
-1
-1
-1
-1
9130
-1
-1
2820
9922
-1
1222
-1
-1
5396
6795
7469
-1
7032
-1
-1
-1
-1
-1
-1
1292
6733
4469
7272
8901
2758
-1
-1
-1
-1
-1
3078
-1
-1
-1
-1
-1
2262
3148
5927
6039
-1
1538
-1
-1
7460
9472
-1
2084
6630
-1
7569
3112
-1
-1
936
-1
2407
-1
-1
-1
2051
8257
-1
3108
1192
9473
-1
-1
8431
-1
6659
4445
3715
3783
-1
-1
9551
-1
8690
-1
-1
6413
-1
-1
-1
-1
-1
631
-1
-1
-1
-1
-1
4628
9211
-1
-1
-1
-1
8614
3578
-1
-1
3508
-1
-1
3585
-1
3952
-1
7494
-1
6059
-1
9593
4576
-1
-1
-1
-1
-1
-1
8521
-1
-1
-1
2279
-1
-1
7395
-1
7562
-1
1243
8562
7818
2089
-1
8877
-1
553
-1
670
6048
1020
3583
-1
-1
-1
7828
-1
-1
253
-1
-1
2889
-1
7890
7385
-1
50
1657
-1
-1
-1
1669
-1
3936
-1
9524
580
-1
-1
3682
-1
377
-1
5896
-1
-1
2510
-1
9291
-1
-1
3918
-1
-1
2538
7634
-1
-1
5433
-1
-1
7273
7812
-1
9645
1209
-1
-1
346
7466
-1
-1
1605
9597
-1
4017
-1
-1
-1
-1
6150
-1
-1
-1
-1
-1
5805
2018
-1
337
-1
-1
9721
-1
-1
-1
-1
7287
-1
4438
5315
2399
-1
2278
-1
4507
7849
-1
-1
6277
-1
6713
2256
-1
2795
-1
7790
-1
5404
-1
-1
-1
3666
3086
-1
-1
-1
282
1563
-1
-1
-1
-1
577
-1
-1
-1
-1
4877
-1
1891
7134
4977
4976
-1
-1
-1
-1
7922
5729
-1
-1
7633
447
-1
8566
865
-1
-1
-1
9037
-1
9114
8183
-1
4248
-1
-1
-1
-1
897
5690
-1
7643
1077
-1
4823
5120
-1
8146
1697
4984
-1
-1
1390
3564
8544
-1
6996
-1
-1
1730
7720
-1
5528
2636
-1
-1
6494
-1
53
-1
-1
7937
-1
8611
-1
5377
6009
-1
3904
-1
-1
5888
-1
4897
6307
-1
2826
-1
3985
5278
-1
6671
-1
-1
5891
7189
241
1562
-1
-1
1757
809
4151
-1
4502
-1
5521
-1
-1
-1
9717
9267
-1
3313
8053
2300
-1
-1
-1
-1
-1
-1
6122
2738
1558
5041
-1
-1
-1
-1
3488
-1
3349
-1
-1
-1
-1
-1
2979
3885
8043
-1
2046
-1
-1
9255
-1
6316
-1
5924
4799
1170
-1
5988
6664
-1
4993
-1
-1
6044
2730
-1
-1
-1
5981
0
9610
-1
-1
-1
2038
1494
8724
-1
-1
-1
-1
-1
-1
1351
-1
611
-1
-1
9877
6170
-1
3090
-1
7519
-1
807
1977
-1
-1
2993
-1
6190
2644
-1
-1
7930
-1
-1
-1
2561
-1
2178
2241
-1
-1
-1
-1
119
-1
8063
3814
-1
-1
-1
2844
7787
-1
-1
5862
8115
3524
958
-1
6292
8119
-1
-1
1541
-1
2438
3142
1388
-1
7956
-1
2350
5385
-1
8098
6545
-1
8047
6478
-1
3830
1519
-1
3012
3306
9075
-1
-1
1960
-1
-1
-1
-1
-1
4990
8092
-1
8812
151
-1
-1
4970
4297
-1
3004
9364
-1
7452
8221
7607
444
-1
-1
6148
9223
-1
9318
-1
3317
-1
-1
5483
-1
-1
7056
-1
-1
-1
4176
6108
-1
-1
4356
-1
5868
8810
-1
4266
1903
8031
-1
-1
8928
5942
3821
9273
-1
5283
-1
-1
5080
1923
6626
2347
-1
6946
4245
-1
-1
8792
-1
-1
-1
8132
-1
-1
-1
-1
3443
-1
-1
-1
-1
9857
3632
6326
1815
1510
3504
2219
2766
-1
8657
2063
-1
-1
1600
844
1250
-1
2660
5727
-1
-1
8935
9921
2919
9197
-1
-1
-1
-1
-1
-1
-1
-1
9784
7718
7094
1199
-1
-1
6460
-1
-1
-1
7209
1950
570
7278
-1
1310
-1
-1
-1
-1
-1
9005
-1
-1
-1
-1
7053
-1
-1
9724
5686
5157
-1
6926
2864
-1
2821
-1
-1
63
8038
5719
5205
-1
-1
-1
8679
736
-1
9633
3677
6366
9768
-1
7605
-1
7556
198
4662
-1
-1
7954
3996
6069
5518
-1
-1
6325
-1
3436
-1
-1
-1
1665
9683
2778
-1
6205
-1
-1
-1
-1
4907
6364
9097
2770
-1
-1
3047
8118
-1
-1
8344
2039
2191
-1
2125
-1
-1
2189
2965
-1
-1
-1
-1
4431
2302
-1
-1
-1
5723
941
-1
6774
5406
1364
1028
113
5745
-1
-1
-1
-1
-1
7761
-1
4172
-1
-1
4046
-1
-1
5966
6243
989
-1
-1
-1
-1
6309
-1
2935
4928
-1
-1
-1
-1
-1
-1
-1
7896
-1
4261
5560
6163
4920
-1
-1
-1
4327
8965
-1
5480
7025
539
-1
-1
-1
-1
6701
2833
7532
-1
-1
-1
371
2808
-1
4066
-1
5913
9328
-1
-1
-1
9592
4747
-1
5066
8786
9327
-1
-1
-1
1185
935
-1
5297
-1
-1
3846
-1
8568
6439
6444
-1
-1
245
3280
5379
7736
7492
-1
-1
-1
7802
-1
4089
-1
-1
4484
6323
6191
9162
-1
1023
-1
3951
-1
-1
-1
-1
-1
-1
3054
-1
-1
9622
2289
2878
4654
-1
2340
-1
-1
549
-1
-1
8802
-1
-1
-1
-1
8103
9170
-1
8807
-1
3184
8613
-1
-1
9747
-1
4510
-1
-1
-1
6925
7227
8105
6310
671
2060
-1
-1
-1
8946
-1
-1
8266
4277
679
-1
2988
-1
2268
1496
-1
2417
-1
-1
-1
-1
3738
6259
-1
-1
-1
9729
8345
-1
-1
9330
-1
-1
9251
-1
-1
-1
8879
2952
5936
-1
7483
-1
1986
-1
4886
-1
6283
4816
-1
-1
-1
1524
4466
-1
4588
1361
9468
-1
-1
2595
5712
9271
-1
6801
-1
-1
-1
2305
-1
2449
-1
4657
8983
6891
5879
8834
9411
-1
8356
9967
8001
8801
4652
3902
-1
-1
5660
-1
-1
-1
-1
6282
35
5665
-1
-1
-1
1576
7331
-1
-1
-1
1401
2205
-1
7491
1082
-1
-1
-1
1231
302
1481
1205
473
1444
-1
-1
-1
2386
-1
-1
-1
8206
210
9531
9403
-1
-1
-1
-1
-1
5351
-1
-1
-1
2799
2425
-1
-1
3968
-1
9905
-1
-1
-1
-1
-1
-1
8865
-1
8242
8774
9559
6327
-1
-1
657
4995
-1
-1
9141
1765
1125
4687
-1
-1
8608
9196
5753
-1
-1
-1
-1
-1
-1
-1
5663
6374
-1
5680
-1
-1
1590
6019
1227
7339
3803
5921
195
-1
6126
7064
9630
-1
3014
-1
700
758
-1
-1
3882
-1
3723
-1
-1
4070
-1
8476
4026
6797
389
-1
8944
-1
7252
-1
-1
-1
6152
6436
-1
1990
3787
-1
5766
9710
422
-1
-1
9389
4339
2123
-1
9515
-1
-1
-1
6906
3731
7375
-1
6072
3626
8177
-1
9102
6486
8251
-1
8233
2996
-1
6005
6476
7072
-1
-1
8841
-1
-1
2400
-1
-1
-1
7644
-1
4150
4751
404
-1
7657
5991
-1
6404
-1
-1
-1
-1
-1
9041
-1
-1
-1
-1
882
6027
8310
5155
2445
-1
-1
8748
-1
7709
-1
-1
-1
-1
-1
-1
-1
-1
-1
-1
7312
5363
-1
5770
8601
9658
5183
3915
-1
-1
-1
-1
5791
9300
-1
592
-1
-1
1211
9254
-1
-1
4541
1907
2366
926
-1
4191
-1
6819
212
7964
8436
-1
8328
-1
2834
-1
6511
4811
-1
-1
-1
4100
-1
1487
3654
3272
5057
-1
2794
-1
782
9233
-1
3162
-1
-1
3907
7136
9260
-1
-1
8408
-1
2477
5543
2867
-1
-1
7505
9482
-1
-1
-1
9340
181
-1
5637
9811
-1
2941
-1
-1
3514
-1
4139
6284
-1
-1
-1
944
-1
4272
1740
-1
4408
-1
-1
4364
7295
5333
4111
-1
6515
-1
-1
-1
-1
-1
1699
-1
5285
114
5717
8274
-1
-1
4540
1512
7204
6643
4273
7539
7127
-1
-1
5382
-1
-1
-1
-1
-1
7066
9410
9639
2337
3222
-1
6091
-1
6074
7537
4021
-1
9175
-1
-1
5525
5506
-1
4465
-1
-1
-1
-1
-1
84
7800
-1
-1
-1
-1
2697
7297
644
-1
6557
-1
-1
-1
-1
1225
4181
-1
-1
-1
-1
7058
8462
-1
-1
-1
5700
2771
-1
-1
1791
5855
2759
8111
-1
-1
4309
-1
7276
-1
-1
9991
69
8239
5085
-1
-1
-1
4973
-1
-1
-1
-1
6408
9258
-1
-1
-1
-1
-1
2237
-1
9089
-1
-1
5180
439
825
-1
-1
-1
-1
618
-1
7861
-1
-1
8707
1269
7574
8570
6188
3060
-1
-1
2662
-1
-1
-1
2042
4548
-1
8963
7461
-1
-1
-1
-1
2448
-1
5091
-1
-1
-1
-1
-1
-1
2803
7301
214
5666
8331
-1
2032
175
-1
912
-1
-1
-1
-1
415
-1
7959
-1
-1
8739
-1
3877
6453
7186
2969
-1
3941
-1
1257
8858
-1
2447
8109
-1
-1
-1
-1
6129
-1
984
-1
-1
-1
8335
2164
-1
2950
7271
-1
6353
130
2252
1732
-1
9749
4499
1343
-1
5835
1842
6049
8378
2800
1455
4289
2571
6103
-1
-1
237
-1
654
6678
5184
-1
-1
2097
7756
9930
2860
4637
1895
8892
-1
682
3401
-1
1238
-1
-1
4642
4108
-1
3407
8492
5162
-1
-1
8308
-1
451
76
-1
3236
-1
3083
-1
-1
-1
-1
-1
-1
-1
6530
5589
-1
-1
7602
-1
6375
-1
8137
-1
-1
5132
4022
9386
3036
9626
2040
1807
1452
5107
-1
6932
2065
-1
3521
8452
4500
-1
-1
5007
2363
5807
3608
-1
-1
-1
5616
-1
-1
4768
-1
-1
168
7991
-1
-1
-1
3406
-1
5371
-1
-1
-1
8318
886
9190
-1
6461
-1
6558
1237
9790
914
3917
8365
-1
-1
8857
5750
4092
-1
1637
-1
-1
-1
-1
6705
5479
2266
-1
-1
-1
423
3641
2846
9878
5848
-1
-1
-1
4098
-1
5624
3295
5443
575
-1
-1
-1
4577
-1
-1
-1
-1
9796
1000
259
4395
4129
-1
-1
7544
-1
-1
2062
8153
3170
-1
1873
6420
5773
-1
-1
-1
7815
-1
-1
5282
-1
8247
-1
-1
-1
2342
9481
2872
-1
4164
-1
-1
4219
-1
-1
1103
-1
3189
6992
9419
-1
5513
-1
7983
3851
9981
-1
-1
7219
6673
-1
9982
-1
-1
5342
-1
6732
5517
-1
-1
-1
2492
-1
8094
7789
6506
806
-1
2832
5238
-1
-1
-1
-1
554
-1
4320
-1
774
3913
2423
-1
9157
5694
6331
-1
9485
6
-1
-1
-1
-1
1535
-1
1755
9577
-1
9407
-1
4596
-1
1397
7897
9866
-1
2384
-1
-1
-1
-1
-1
959
-1
-1
-1
9319
4506
9525
-1
5055
6879
-1
6579
-1
-1
1301
-1
-1
-1
2812
-1
-1
-1
3186
7719
-1
-1
-1
8844
-1
-1
5002
-1
-1
4303
-1
5708
8622
4474
-1
-1
-1
2756
-1
8607
-1
-1
-1
9670
-1
6877
3532
1881
-1
7369
3105
405
3547
-1
-1
6352
-1
-1
9757
8669
-1
-1
9583
1880
1878
-1
6088
9959
7988
-1
-1
-1
9569
5809
4847
4416
-1
4458
-1
6517
-1
2713
-1
2647
3527
-1
1440
-1
-1
3844
80
-1
-1
-1
-1
-1
-1
7267
7926
-1
-1
-1
-1
7987
7337
6675
460
-1
-1
-1
-1
-1
828
-1
-1
999
-1
-1
3
-1
-1
-1
-1
7986
801
-1
-1
-1
6422
9897
5614
1184
6885
-1
-1
7932
-1
-1
-1
-1
-1
-1
5629
1767
8986
-1
5889
5177
1795
-1
7431
-1
6313
-1
5804
8085
9373
2367
9745
487
-1
3106
-1
4337
7103
-1
-1
-1
1072
3903
-1
-1
6731
-1
8829
-1
2096
-1
8016
-1
-1
5564
86
6389
-1
7586
1086
-1
386
-1
9228
-1
323
8630
-1
-1
-1
1431
2126
-1
-1
2782
-1
-1
9632
-1
-1
6721
3921
7696
4048
5642
-1
7223
-1
-1
-1
4147
-1
-1
-1
-1
-1
1608
1896
8701
5850
6742
287
436
-1
-1
500
-1
-1
7489
9084
-1
8615
364
-1
2690
6168
9843
4730
-1
7882
-1
-1
-1
9339
-1
-1
-1
5459
3442
-1
-1
-1
840
-1
-1
-1
2875
-1
-1
-1
6872
9906
5552
4345
-1
3402
-1
7075
2472
3977
-1
-1
5494
-1
9393
7781
-1
5298
9731
-1
5854
-1
-1
9030
641
-1
3135
5919
-1
-1
9600
-1
-1
665
-1
-1
-1
-1
9611
-1
3330
8320
6984
2691
9031
669
-1
-1
-1
7476
3289
-1
6068
-1
-1
8375
2780
143
-1
-1
-1
6159
9631
7676
5917
-1
3785
2873
-1
-1
4252
2234
3502
7482
-1
3360
2134
9363
1384
-1
8976
-1
-1
-1
7498
2879
-1
-1
2749
-1
-1
8074
5386
5740
-1
9926
7464
7578
320
-1
-1
-1
2954
-1
-1
-1
-1
3152
-1
2010
-1
5535
-1
7955
8838
7364
7344
-1
-1
-1
-1
8193
-1
-1
291
6750
-1
-1
8293
3204
7920
-1
-1
761
-1
4319
5851
-1
6754
1042
-1
7044
5653
9295
6212
3013
-1
7031
-1
-1
8830
-1
-1
6974
7599
4471
-1
1403
-1
9615
-1
-1
2358
4961
-1
2686
-1
-1
5108
-1
4352
157
-1
3822
8291
642
6338
-1
7346
7832
-1
-1
-1
-1
-1
-1
4436
7640
-1
6175
-1
830
-1
-1
2591
-1
-1
8815
-1
6149
9392
2582
1578
5078
9765
-1
1261
-1
3257
7639
1478
-1
-1
-1
773
5305
-1
5257
-1
-1
-1
-1
4110
-1
-1
-1
2626
-1
-1
6183
-1
1824
3419
-1
4846
4243
-1
2360
6131
-1
9706
6025
6977
-1
-1
-1
7027
-1
5159
-1
-1
9932
-1
-1
3617
3345
-1
-1
-1
2312
7329
725
4851
2968
-1
2320
-1
3132
480
8910
2762
7034
-1
-1
4872
-1
3015
-1
1129
-1
4109
-1
-1
8468
6955
6335
-1
7453
-1
-1
-1
-1
4315
1113
-1
703
6079
2669
-1
3605
-1
5595
5876
-1
1898
7242
-1
419
519
-1
-1
-1
-1
1660
2659
-1
-1
9675
-1
-1
-1
-1
929
-1
-1
-1
5392
7304
5003
4643
-1
-1
-1
-1
5182
-1
5601
-1
2433
8285
3201
-1
5016
2116
4688
3863
992
664
-1
-1
8426
9793
1949
-1
-1
1870
1503
-1
-1
9454
8143
4985
-1
1414
9229
4538
2429
-1
4915
4004
-1
-1
-1
-1
-1
-1
8606
-1
8253
-1
-1
-1
4622
5739
-1
-1
8695
857
-1
8
-1
-1
9886
8702
-1
-1
4746
-1
-1
-1
-1
-1
-1
1877
-1
-1
-1
1475
1651
3463
8866
-1
-1
-1
-1
-1
-1
2790
-1
1145
8446
-1
-1
7751
-1
-1
-1
-1
2491
4890
4960
-1
7674
-1
9571
-1
-1
-1
-1
2120
-1
-1
5286
8579
6699
3828
-1
-1
-1
-1
8870
3942
1163
-1
-1
-1
-1
3503
-1
9376
-1
3987
9495
-1
-1
1645
-1
-1
-1
7548
-1
-1
-1
4316
9661
6763
-1
1334
2630
-1
489
7945
-1
-1
-1
-1
9402
-1
-1
3319
8086
8079
-1
-1
-1
-1
5248
-1
-1
-1
-1
1274
-1
-1
6356
-1
680
-1
116
6561
1875
9342
4099
6586
8129
-1
775
-1
7338
9408
-1
8106
-1
-1
3672
-1
-1
4595
-1
-1
6873
-1
-1
-1
-1
7320
-1
5088
1788
6409
-1
675
-1
-1
-1
4911
-1
9954
1189
-1
3859
-1
972
-1
-1
-1
798
4331
9534
-1
2254
-1
-1
6890
-1
-1
-1
-1
6745
-1
-1
3231
-1
-1
-1
-1
-1
2869
-1
4858
-1
7982
-1
-1
-1
-1
9530
-1
5264
-1
-1
397
3161
-1
1459
-1
-1
-1
-1
6516
-1
-1
5898
-1
-1
2739
-1
-1
-1
-1
991
8665
-1
-1
8524
2753
6837
3290
5136
674
8096
-1
1871
-1
2927
-1
3499
-1
-1
3732
-1
6769
4347
-1
-1
5794
-1
5255
1928
-1
3378
5600
-1
-1
-1
4173
7621
-1
479
-1
-1
-1
4429
3566
-1
2261
-1
6785
-1
-1
-1
7894
9562
-1
5280
-1
-1
1887
-1
-1
400
-1
7762
3133
-1
-1
6665
1442
2868
-1
-1
-1
-1
3097
-1
-1
1673
-1
-1
2769
-1
6652
1646
-1
7524
1770
3955
4921
-1
2162
9418
8846
-1
2005
1454
3397
-1
-1
-1
-1
-1
-1
2957
2231
-1
4488
1841
-1
1689
-1
6692
-1
9647
-1
1745
-1
2450
9093
-1
4276
-1
8516
6857
-1
5234
-1
-1
-1
3691
-1
6314
-1
-1
-1
5249
2453
-1
3434
-1
-1
-1
8348
4694
-1
4508
-1
-1
-1
-1
-1
-1
-1
-1
-1
-1
-1
5685
-1
9628
5918
1013
6560
8840
7000
-1
3788
-1
3104
5691
-1
-1
-1
6428
8059
-1
4683
-1
-1
1291
-1
-1
-1
-1
-1
-1
1716
-1
-1
7394
-1
7714
1245
-1
3657
3888
-1
-1
-1
789
3137
-1
-1
161
-1
-1
2041
-1
-1
2701
8574
456
3630
-1
5796
3598
9503
1362
-1
-1
-1
4666
-1
784
7360
-1
-1
732
-1
-1
3999
8126
-1
6377
6033
-1
-1
247
3094
-1
-1
6549
-1
-1
-1
4848
-1
3570
-1
-1
-1
4721
-1
-1
4342
9773
5935
4410
5852
2422
-1
322
2816
-1
5262
7721
2044
-1
-1
2668
-1
-1
-1
7723
-1
-1
-1
8101
-1
-1
9047
-1
4058
-1
3366
5844
7063
-1
8914
1341
1469
-1
-1
-1
4069
-1
-1
-1
-1
-1
-1
6201
-1
8640
-1
934
9103
-1
-1
6010
-1
-1
1677
-1
2838
-1
2888
-1
-1
-1
-1
-1
3695
7666
2883
3753
6654
6846
-1
9868
1638
6246
-1
468
2986
-1
-1
6365
5308
987
7488
2981
-1
-1
6978
-1
2849
-1
-1
5711
5812
1358
6388
-1
2059
-1
9147
6499
7757
6470
1101
-1
1083
6568
8127
-1
5228
-1
-1
-1
2814
426
-1
-1
-1
5540
2461
6251
9371
-1
5189
2474
4987
-1
-1
9266
6303
-1
-1
-1
-1
9065
1963
-1
5001
6305
7368
6553
7919
9326
-1
-1
6903
6574
-1
-1
-1
-1
3215
-1
-1
2002
-1
-1
2412
6297
249
9940
-1
2651
-1
5887
-1
5044
6289
-1
-1
6575
505
-1
-1
880
-1
2343
-1
7940
2531
2115
-1
6767
-1
9972
8376
-1
2977
2548
4446
9388
-1
5116
-1
6730
-1
5242
-1
9736
8961
6687
7613
4992
3969
6224
6628
8688
5826
3230
-1
-1
-1
5738
-1
8917
702
3348
5161
-1
9347
-1
-1
1948
-1
5710
-1
7817
3680
-1
2221
-1
3948
7996
-1
-1
-1
-1
448
3415
-1
-1
-1
-1
3517
-1
-1
-1
8747
-1
-1
-1
-1
-1
-1
9581
-1
1655
8536
2292
-1
-1
7554
-1
-1
-1
-1
-1
4616
-1
464
-1
-1
-1
-1
-1
-1
-1
9823
3460
-1
534
5701
-1
-1
1839
-1
5420
-1
890
-1
1167
8483
-1
4910
-1
-1
7194
1597
6231
1335
6910
-1
-1
-1
-1
-1
-1
-1
8377
-1
-1
-1
-1
-1
9052
-1
8775
2402
8170
-1
-1
-1
-1
9746
-1
9830
6508
-1
1781
7205
-1
1366
3045
4660
-1
6718
6367
6446
-1
4749
-1
6990
-1
-1
-1
-1
-1
3197
709
-1
6565
3699
-1
8340
9801
-1
-1
7281
-1
-1
-1
-1
6287
-1
3591
4599
-1
1521
5605
2781
-1
658
-1
723
-1
-1
7525
-1
4791
8453
-1
1975
7145
-1
-1
-1
-1
550
-1
3718
7192
1373
-1
-1
1041
-1
2945
-1
7084
2578
-1
-1
2056
395
-1
3490
290
-1
-1
1182
9545
-1
-1
-1
-1
-1
6703
7463
734
-1
4423
-1
1855
7028
4391
-1
-1
2601
-1
-1
6980
-1
-1
7976
-1
2987
7591
3237
922
2208
-1
-1
-1
3144
5930
-1
5519
-1
-1
7363
-1
-1
-1
9908
8317
-1
-1
-1
-1
-1
4384
-1
1536
-1
2073
-1
2078
-1
-1
-1
-1
3792
-1
8300
-1
-1
-1
4838
-1
-1
-1
8626
8583
7842
-1
1260
-1
-1
-1
3624
5793
-1
4414
-1
8151
5356
8125
9028
-1
-1
-1
7535
-1
742
3511
-1
-1
3116
3103
1287
4195
-1
-1
9663
-1
-1
3393
-1
9301
-1
8042
3034
-1
-1
5141
-1
-1
9727
-1
-1
6892
-1
39
9642
-1
-1
-1
1259
-1
8254
-1
-1
7330
-1
8294
-1
2936
-1
-1
5652
5755
6101
-1
6606
3633
-1
-1
-1
3892
-1
-1
3478
2587
-1
3506
5638
1392
-1
5610
6602
2413
-1
4940
4201
-1
-1
370
-1
5580
-1
9832
-1
-1
-1
-1
6901
-1
-1
524
4078
-1
6370
3971
1876
-1
-1
3456
-1
-1
-1
1306
1559
-1
-1
-1
3582
9862
9511
278
8510
-1
-1
2287
4530
-1
-1
-1
6199
911
-1
-1
-1
1847
-1
-1
6519
-1
-1
5866
-1
-1
-1
3769
-1
-1
1412
-1
-1
-1
6274
2624
-1
7143
-1
-1
4579
1799
856
-1
-1
-1
-1
8034
-1
-1
4229
8494
-1
-1
4888
-1
-1
-1
2026
1080
-1
-1
-1
-1
-1
541
9669
7263
9523
7835
-1
-1
-1
-1
4405
-1
-1
6746
-1
3912
-1
2485
3340
-1
-1
1734
3379
8054
-1
-1
345
5265
7086
-1
-1
-1
-1
5258
744
-1
-1
-1
-1
-1
-1
-1
-1
4527
-1
-1
-1
2735
2356
9381
1372
2308
5103
-1
-1
7801
9881
-1
-1
9673
7875
-1
-1
-1
7522
-1
-1
6609
-1
-1
-1
-1
8850
5124
-1
-1
6146
2201
7601
-1
2900
-1
7258
-1
-1
-1
9865
4462
-1
4251
8435
-1
-1
-1
3451
-1
-1
4788
2517
-1
-1
-1
-1
-1
-1
2716
-1
-1
3249
2980
2365
6573
9983
-1
-1
777
-1
1869
-1
4772
-1
-1
1215
3064
4399
-1
5584
8749
-1
1112
7811
9227
7445
-1
-1
4609
9748
8889
-1
7382
-1
3871
7499
1272
-1
1416
-1
312
-1
1430
6682
92
7845
853
5165
3447
584
-1
-1
4055
8009
-1
-1
-1
-1
8276
8531
432
-1
-1
7333
-1
6651
-1
-1
-1
6944
-1
-1
3956
-1
2090
6796
-1
358
-1
-1
-1
9032
-1
-1
-1
8032
-1
1739
-1
9315
2767
2175
-1
191
5368
-1
-1
-1
-1
-1
-1
-1
8197
4453
-1
5316
7350
-1
9248
462
33
8670
-1
-1
-1
-1
-1
9071
-1
-1
155
2581
-1
-1
6865
469
-1
2801
2953
-1
-1
2685
193
-1
-1
-1
4051
4849
-1
-1
136
-1
-1
-1
2493
-1
3653
-1
-1
-1
-1
-1
3805
3421
-1
4074
8604
4713
3748
-1
-1
-1
-1
-1
-1
5153
-1
9975
6204
8589
8585
-1
-1
-1
-1
634
-1
-1
-1
-1
-1
-1
-1
9200
-1
4249
587
3265
5520
-1
-1
-1
-1
-1
-1
-1
3603
-1
-1
4447
-1
-1
3980
-1
616
-1
8916
8142
-1
-1
-1
-1
-1
6202
1114
-1
-1
1679
-1
-1
4214
-1
-1
8473
-1
-1
3954
-1
-1
5682
-1
-1
-1
5117
2102
-1
-1
9999
-1
6956
-1
2546
-1
1160
-1
3678
-1
1490
9716
4036
7521
-1
-1
9643
5444
1900
-1
1081
-1
9936
6312
-1
8265
-1
4904
-1
-1
7658
860
5989
2865
-1
-1
3780
-1
2791
-1
-1
3741
-1
-1
-1
-1
-1
6226
-1
8727
4383
735
5434
6102
-1
4221
-1
-1
3600
-1
-1
3035
-1
-1
6038
-1
2989
1313
3235
-1
-1
810
5726
-1
-1
-1
-1
8341
-1
-1
5523
9107
3326
4425
3383
266
8301
9715
8210
5968
-1
-1
6279
-1
-1
234
8848
-1
-1
2467
-1
8891
-1
-1
9191
-1
2121
-1
4043
-1
-1
6020
-1
-1
-1
-1
6477
3728
171
-1
-1
-1
-1
-1
428
-1
2382
3551
4296
-1
9677
7479
3254
5400
-1
4028
1995
-1
-1
-1
-1
3062
-1
-1
2541
9008
9007
68
-1
-1
-1
2722
-1
-1
9081
-1
-1
6060
8806
-1
-1
3089
1052
-1
1177
-1
4359
-1
607
7193
-1
3302
-1
4368
-1
-1
-1
-1
9601
-1
4096
-1
3074
2147
-1
4963
5886
-1
5872
3919
-1
-1
4996
-1
-1
6755
3901
-1
6443
2500
-1
8539
6220
-1
-1
-1
-1
-1
7002
3113
-1
-1
1872
1347
-1
4247
-1
-1
-1
4295
-1
-1
803
6684
-1
3594
4386
-1
-1
4555
6727
619
-1
-1
-1
2853
7435
-1
-1
-1
-1
-1
8770
5623
8278
-1
-1
1162
-1
4606
5923
5138
555
-1
-1
-1
6008
-1
933
-1
808
2259
2757
2655
1352
-1
-1
4936
-1
6570
5139
-1
8576
8915
-1
-1
-1
-1
2316
-1
-1
2704
847
51
6496
5034
9617
-1
9740
-1
-1
3216
-1
8694
9384
-1
-1
-1
351
2698
6725
831
-1
-1
9939
-1
5014
-1
9810
-1
2481
-1
-1
-1
3226
-1
-1
7618
-1
-1
-1
1461
-1
7274
5914
-1
355
-1
6938
9176
898
1585
1474
-1
-1
-1
-1
8298
4481
1803
4999
-1
-1
2887
-1
-1
6866
-1
-1
2718
7810
-1
2349
-1
2187
1172
-1
-1
5022
-1
1194
7294
-1
-1
6306
2551
-1
1616
-1
-1
1061
-1
-1
871
8907
4718
7036
-1
2917
-1
5195
-1
9132
-1
-1
9882
-1
9104
8549
4536
-1
1208
-1
2963
-1
-1
2378
-1
4265
-1
2761
8159
-1
7322
-1
4505
-1
-1
5362
6960
-1
-1
3287
9287
5311
5495
3482
5450
7012
-1
-1
-1
-1
1622
-1
-1
4939
7458
-1
-1
3759
9027
-1
3358
872
-1
-1
-1
7334
435
-1
3461
5902
-1
3327
8567
-1
614
-1
9556
4696
-1
-1
7758
8960
-1
-1
-1
-1
5447
-1
6726
7893
4284
2011
-1
-1
-1
-1
-1
8868
-1
2908
3056
3219
-1
8374
-1
3336
-1
2527
8048
-1
-1
-1
-1
5943
-1
4018
-1
-1
-1
6471
-1
8726
1147
8182
-1
-1
485
-1
-1
-1
2258
1353
-1
2786
9504
372
8952
9218
5448
4241
-1
590
-1
-1
1266
8204
5593
5287
-1
-1
-1
-1
5324
-1
-1
3567
3817
-1
-1
-1
-1
-1
3620
9274
4710
-1
-1
-1
950
-1
1527
8989
-1
-1
7705
-1
-1
-1
3876
-1
-1
-1
1006
-1
6827
-1
6539
942
8668
9791
-1
-1
-1
-1
-1
5054
-1
-1
-1
-1
1777
7978
-1
-1
-1
7617
4450
-1
1621
-1
-1
8100
-1
-1
6860
-1
9713
226
-1
-1
-1
6532
7196
-1
4531
-1
-1
-1
-1
9510
-1
6339
-1
1551
-1
-1
-1
-1
-1
6702
4039
-1
-1
1992
-1
-1
2148
4738
-1
-1
-1
-1
727
1354
1828
-1
-1
9586
-1
9806
2199
-1
-1
1434
-1
794
1501
8769
7999
5128
-1
9464
2336
-1
6482
-1
1607
1640
-1
-1
-1
-1
2554
2672
-1
-1
-1
8352
1683
-1
-1
5588
9889
5458
-1
-1
4780
425
6567
-1
3522
-1
-1
-1
3631
8602
6488
-1
6747
9067
3241
5586
-1
-1
3202
-1
-1
6157
-1
-1
-1
-1
-1
9098
-1
-1
90
-1
3480
3259
-1
5784
-1
-1
-1
8156
4283
-1
6610
-1
-1
-1
-1
8720
-1
-1
-1
7406
1445
-1
9516
1468
-1
2798
1747
-1
-1
-1
8625
-1
2301
5127
6521
384
-1
-1
-1
-1
4676
-1
7410
-1
7119
6029
7444
2296
-1
6501
262
6548
2632
1779
3730
-1
-1
-1
6452
-1
-1
-1
-1
-1
-1
-1
-1
-1
4810
620
-1
-1
-1
-1
-1
7478
8040
6655
-1
-1
8610
-1
-1
-1
-1
-1
7558
-1
-1
-1
9770
-1
6920
3398
-1
1166
-1
9467
6792
-1
7909
-1
2852
-1
-1
-1
5472
9448
-1
1786
-1
-1
-1
4959
-1
4343
-1
8058
-1
7731
4024
-1
4077
2197
7355
666
-1
3325
-1
-1
1271
3537
8517
9442
2564
6757
-1
-1
2971
1817
3363
7711
-1
3784
-1
5469
728
8833
1411
85
4581
797
8477
-1
-1
1070
4457
6472
-1
5372
4177
-1
-1
2805
-1
-1
8396
-1
-1
6918
-1
4210
1164
-1
1252
5618
4382
-1
2232
1315
3589
-1
-1
1321
2928
3020
-1
-1
359
-1
8710
-1
-1
-1
-1
4258
6286
-1
7232
7166
3145
-1
-1
6062
8361
-1
6690
5640
8306
1602
5096
5742
-1
-1
-1
1737
8083
-1
8007
7211
8173
-1
-1
-1
8030
-1
6880
-1
-1
6895
7293
3542
-1
-1
3411
9280
6242
8124
-1
-1
-1
962
-1
7965
9234
-1
5346
5613
4591
-1
-1
-1
-1
9355
-1
-1
8505
-1
9249
7743
-1
-1
-1
-1
-1
2352
2831
7749
-1
4439
-1
-1
-1
-1
9833
9395
-1
5192
9134
8424
3172
6013
9399
3252
-1
-1
5075
6021
9051
8041
1794
4708
8629
3806
-1
-1
8655
-1
4041
-1
197
-1
5845
-1
-1
4602
-1
3061
4274
7347
209
-1
9359
-1
4206
-1
-1
9336
8538
-1
7264
5354
-1
924
-1
552
-1
-1
6285
7632
6812
-1
-1
-1
-1
6536
440
3150
9446
7048
1556
-1
5345
-1
6936
9558
836
-1
-1
9334
-1
8203
4118
-1
2037
5764
8169
581
6740
-1
8766
-1
-1
-1
-1
-1
-1
-1
9604
-1
3588
2086
3491
-1
-1
-1
-1
-1
-1
-1
-1
5235
7131
-1
-1
-1
4893
7974
8401
1035
-1
7008
4545
9697
-1
-1
-1
-1
9471
4259
7144
2709
-1
1746
-1
-1
-1
8368
3711
2733
-1
-1
-1
3228
1690
4557
2612
-1
-1
-1
3484
6653
-1
9480
-1
-1
-1
7631
6144
-1
-1
3429
-1
-1
-1
-1
-1
-1
-1
-1
-1
-1
-1
-1
-1
9646
-1
2755
8972
-1
6156
-1
-1
4864
-1
8699
-1
1909
4478
-1
-1
-1
-1
5407
6510
342
1169
2523
594
6193
-1
9665
8547
7147
-1
9690
4476
-1
9415
4964
490
-1
-1
-1
-1
-1
2454
9063
251
3665
7181
-1
7699
-1
-1
55
-1
5215
786
-1
-1
-1
-1
9279
9324
4918
-1
3122
329
-1
-1
-1
4638
-1
-1
6254
3887
1190
-1
3622
-1
6966
1604
-1
-1
6714
5063
3052
-1
7050
-1
-1
-1
6777
5006
3464
-1
2067
-1
1889
-1
9439
1435
-1
-1
-1
2223
7507
3055
846
-1
-1
-1
4592
8984
4782
7416
6799
673
-1
-1
-1
7159
4731
-1
-1
-1
4079
613
-1
-1
6876
-1
4801
-1
-1
501
-1
6563
-1
-1
5164
7523
-1
6386
7528
8427
6397
7654
-1
8057
6614
-1
-1
60
4044
-1
-1
5068
-1
-1
7240
4957
-1
-1
9837
-1
-1
-1
994
5790
9703
-1
7972
1031
9390
-1
-1
-1
-1
-1
8056
-1
8588
-1
-1
-1
1912
8013
4690
-1
6267
-1
4032
-1
-1
-1
-1
-1
-1
7596
4360
-1
-1
-1
7708
-1
2428
7593
2602
-1
-1
-1
-1
-1
-1
4432
3395
-1
2620
-1
-1
-1
8897
9421
3127
1763
5620
-1
-1
-1
8168
264
-1
4461
6128
9059
2813
6625
-1
8218
-1
-1
5156
6135
7087
8508
-1
9855
9391
8650
583
-1
-1
721
-1
2929
-1
8130
2421
-1
9760
286
1067
5039
-1
3950
763
-1
-1
-1
3477
8188
2392
-1
8326
2117
6527
7981
814
-1
-1
-1
-1
-1
4703
2914
5962
-1
4797
2314
6051
-1
-1
-1
3246
-1
-1
-1
-1
-1
9914
8709
-1
-1
-1
1703
6179
2742
6001
9455
-1
8896
6063
2344
1307
-1
3075
-1
5976
9719
7438
4419
3361
-1
5477
-1
9488
4635
-1
-1
9653
-1
-1
-1
9362
6580
1808
-1
-1
8853
45
9852
6981
5516
-1
-1
-1
-1
6597
-1
-1
-1
-1
-1
4328
8762
8451
-1
-1
3467
8605
-1
9416
-1
-1
-1
-1
-1
-1
7277
-1
560
-1
-1
-1
8381
1263
139
1989
3441
8537
-1
-1
-1
9513
-1
3025
1565
-1
-1
2057
1068
6922
-1
-1
2225
-1
4653
7704
7176
-1
-1
1937
7783
-1
-1
3485
5104
-1
-1
4300
383
1241
-1
-1
5568
6808
9686
-1
-1
-1
-1
-1
-1
-1
1933
6856
4975
-1
7177
-1
-1
-1
-1
4122
-1
-1
-1
-1
-1
-1
-1
-1
6322
5323
-1
7695
2893
1582
-1
6761
-1
9840
-1
-1
6752
7659
-1
-1
402
6299
2229
-1
8070
-1
6288
2277
-1
4903
-1
9820
-1
6344
8437
-1
6676
9984
-1
2930
-1
4009
-1
-1
-1
6924
2101
7600
-1
4998
5291
-1
-1
-1
1120
-1
8399
-1
7017
-1
2139
7622
7796
6562
412
2577
6642
2110
-1
-1
-1
-1
5778
-1
8346
3356
-1
2406
-1
-1
-1
-1
5137
6710
7486
-1
-1
5125
1712
-1
-1
-1
-1
-1
7497
9602
-1
-1
-1
-1
7765
-1
-1
-1
-1
6017
-1
821
-1
-1
5963
-1
-1
8835
6513
-1
-1
-1
6722
5154
-1
455
-1
-1
-1
3405
4979
8893
7565
8788
4771
9723
3604
-1
5861
-1
-1
7418
568
3967
2298
9288
8387
-1
4745
6605
-1
-1
9331
4775
9590
1489
-1
2528
9829
-1
-1
-1
-1
-1
-1
4187
2475
-1
-1
8339
-1
-1
7502
2004
8635
845
-1
-1
-1
2488
-1
1540
6803
1718
4161
622
-1
-1
-1
5094
-1
-1
-1
6399
-1
-1
-1
4335
9350
1485
-1
-1
-1
-1
-1
-1
1823
9414
-1
8771
-1
-1
-1
3243
-1
-1
-1
5833
7361
-1
-1
1376
7411
1851
-1
-1
-1
-1
-1
7150
-1
-1
976
4042
177
-1
-1
-1
8148
1001
-1
-1
8785
-1
-1
780
6695
-1
8010
1299
1710
-1
-1
9189
-1
2396
-1
1514
6011
9761
787
-1
-1
3757
-1
-1
-1
-1
6867
-1
-1
-1
97
417
4759
-1
222
-1
9501
-1
921
5135
-1
8362
-1
2330
1617
-1
-1
219
-1
-1
9422
-1
-1
8955
20
7773
-1
-1
-1
6425
75
-1
-1
5972
-1
4496
-1
-1
-1
517
-1
7456
-1
3777
-1
-1
822
280
8905
-1
-1
-1
-1
5437
-1
-1
1480
-1
1581
-1
1264
-1
8582
-1
-1
-1
-1
7582
-1
1615
-1
6841
7946
4867
5875
6887
6089
4090
-1
-1
5314
-1
-1
-1
6514
3944
7343
-1
-1
-1
-1
9649
-1
5649
7158
-1
1707
-1
9680
-1
9918
9798
-1
943
8643
-1
1407
-1
-1
7782
7107
6645
8772
-1
6495
6566
4388
-1
-1
5009
-1
-1
-1
-1
-1
3525
6291
4584
-1
535
4892
8518
-1
4264
8279
4863
7872
-1
9529
1793
-1
-1
3651
-1
-1
8637
6638
1941
-1
-1
-1
8325
8220
635
-1
-1
8938
2615
9105
923
-1
-1
-1
-1
8309
9657
1448
-1
-1
9023
-1
3156
6783
-1
176
3371
1159
-1
-1
-1
5504
-1
-1
-1
-1
-1
-1
17
-1
9794
-1
-1
-1
-1
2020
-1
3565
-1
-1
-1
-1
-1
-1
7033
1569
-1
-1
4387
4141
-1
3533
813
-1
-1
-1
-1
348
-1
7121
-1
-1
1040
-1
6662
-1
-1
-1
9166
1122
-1
-1
1318
-1
-1
4503
-1
3556
5083
-1
7653
-1
3081
-1
-1
3538
6618
-1
-1
1049
-1
4790
-1
-1
-1
7641
9582
2411
-1
8964
1158
-1
-1
9816
-1
1327
8165
7877
7432
2606
-1
-1
9614
9432
-1
3714
-1
-1
7175
-1
547
-1
-1
-1
-1
-1
-1
5339
-1
5186
1913
-1
2216
7626
7197
1546
8120
6738
6255
6368
8072
-1
-1
-1
1741
3445
-1
1572
9767
-1
2563
6120
7324
1845
-1
-1
-1
7474
-1
9588
-1
5303
-1
2196
1236
-1
2497
-1
1453
9624
-1
1110
9666
-1
452
-1
-1
5457
9536
-1
3498
-1
9884
-1
2276
8052
240
9449
-1
6238
5795
6871
5254
-1
7117
2830
-1
-1
-1
-1
6608
4623
-1
272
-1
4081
-1
-1
5980
-1
8502
8389
6816
-1
4120
-1
-1
8968
7118
2319
-1
-1
-1
9813
5193
7477
-1
1438
1642
2393
-1
-1
7745
9910
6184
-1
-1
7160
-1
-1
-1
1598
2345
-1
5625
-1
-1
267
-1
-1
-1
-1
768
-1
5358
615
1420
-1
5515
-1
6875
2458
-1
-1
-1
6788
-1
-1
-1
-1
4695
-1
7449
5079
6493
4748
1365
-1
1036
8091
-1
-1
-1
9268
2881
5631
2885
526
1139
95
9002
-1
5366
-1
306
8990
-1
3409
9256
-1
-1
-1
-1
8064
-1
-1
-1
-1
1486
-1
5524
7165
2777
4014
-1
7958
-1
-1
-1
-1
-1
4093
-1
3191
-1
-1
-1
59
-1
3679
-1
3011
-1
1969
-1
-1
6295
-1
8469
-1
-1
453
-1
7806
6438
6083
-1
-1
3689
-1
4569
-1
-1
6595
5832
-1
8322
-1
7081
-1
-1
152
-1
6067
5446
-1
9598
6117
8922
-1
-1
4559
-1
-1
8108
-1
-1
7393
3761
-1
-1
-1
-1
2576
-1
-1
8522
7910
4724
1019
9348
-1
-1
5704
-1
-1
-1
-1
-1
4088
83
9344
8235
-1
1701
-1
-1
-1
-1
-1
1010
-1
6592
-1
-1
-1
-1
-1
4204
2094
-1
-1
-1
-1
-1
-1
4769
-1
1345
-1
1286
9444
-1
-1
-1
-1
-1
4986
529
6348
-1
2743
509
7655
-1
8645
-1
-1
-1
-1
-1
-1
166
8663
4369
-1
-1
1996
6838
1772
4085
7005
2736
3029
216
-1
-1
8037
676
7579
-1
-1
-1
3408
-1
-1
8113
4792
7879
-1
2583
1759
-1
5987
6958
9153
1055
-1
-1
8112
-1
7146
-1
4793
-1
2446
6401
7935
-1
-1
9050
-1
-1
-1
5289
7054
2505
7677
5536
1268
4830
-1
9952
3410
5747
-1
3813
-1
9000
3734
-1
-1
-1
9024
8653
9992
-1
8438
7680
4362
5279
-1
-1
442
7712
3115
4532
6973
-1
3931
1396
-1
2496
6138
1983
8110
1304
-1
-1
-1
-1
-1
7777
8571
-1
-1
7266
2353
-1
7857
58
-1
6116
9221
5214
1835
-1
4607
-1
1363
4127
-1
-1
-1
-1
7619
-1
-1
4551
8095
7006
1833
3412
-1
-1
-1
-1
-1
4154
-1
6902
-1
4856
-1
-1
1283
9048
8886
-1
3154
5263
-1
-1
-1
8817
6798
5984
6551
-1
6813
-1
-1
-1
3448
205
-1
2333
1381
-1
-1
5040
-1
-1
2622
2558
-1
6236
905
8006
6704
-1
-1
528
2605
-1
2503
-1
-1
7446
7132
4802
-1
-1
3123
7878
-1
7725
1634
6394
9352
8530
3946
-1
-1
799
1374
1149
-1
-1
-1
1457
-1
-1
6419
-1
7206
8787
-1
9420
-1
-1
-1
-1
-1
8287
7993
2167
6601
-1
6123
3949
6677
-1
5549
-1
3770
6099
-1
-1
-1
-1
8591
7609
1340
1852
1492
6448
-1
-1
2270
8666
-1
4931
-1
-1
7447
-1
5150
-1
-1
8954
7570
2132
-1
-1
7780
-1
-1
-1
9872
1812
-1
3536
8373
-1
-1
8504
-1
-1
9244
7952
9070
3686
5509
6534
-1
9735
-1
7748
8321
1059
284
2405
-1
918
-1
5864
8631
-1
6269
-1
-1
486
8725
-1
-1
2034
5482
8161
-1
-1
3229
-1
9040
8837
-1
-1
9427
6874
-1
-1
3833
-1
3027
311
3669
-1
8434
-1
1385
6949
8636
1465
7649
3053
-1
8687
239
-1
-1
-1
-1
-1
-1
-1
1670
-1
4375
-1
-1
-1
1906
-1
-1
-1
-1
-1
4420
-1
3627
-1
-1
7510
7083
-1
1240
-1
8999
385
32
6041
1826
8623
9187
-1
-1
920
1450
-1
-1
-1
3167
-1
-1
5270
-1
-1
156
-1
-1
-1
8201
338
7052
8198
-1
4524
-1
-1
3129
2921
4135
-1
8078
5394
-1
-1
36
-1
7950
-1
8432
-1
-1
57
1830
-1
-1
542
1121
5253
6824
4981
5511
6967
-1
8722
-1
6301
-1
9456
6350
2395
4132
-1
-1
3531
12
1155
6308
8878
3910
6817
7992
-1
-1
7450
-1
-1
-1
5757
7057
-1
6194
-1
5634
-1
9494
-1
3867
6421
4919
2021
-1
-1
-1
7316
9591
-1
-1
-1
-1
-1
-1
699
477
9689
-1
-1
-1
3261
2348
2725
5842
-1
-1
-1
7763
-1
8036
-1
5347
1962
6889
-1
-1
-1
3864
-1
-1
115
-1
-1
4005
-1
722
149
5895
-1
9620
9678
9090
-1
-1
-1
8021
9490
-1
5713
3664
8189
-1
-1
-1
-1
5806
5813
-1
2973
3396
-1
-1
-1
6445
2984
838
6940
6904
-1
-1
-1
2183
5171
3898
6272
2151
-1
9195
7766
9099
-1
-1
-1
-1
-1
3138
7396
-1
-1
-1
1178
-1
6369
-1
1729
488
-1
-1
-1
7681
-1
1305
7830
-1
-1
1151
-1
-1
-1
7700
-1
8616
-1
4822
-1
-1
5276
-1
4827
-1
-1
-1
-1
2642
-1
1627
6293
-1
5109
-1
5720
2999
-1
-1
-1
9412
1593
-1
-1
-1
-1
-1
8044
8814
6045
8283
6775
6853
-1
-1
-1
-1
6765
9961
-1
7409
482
-1
-1
2387
8994
-1
-1
398
3546
-1
5453
-1
4582
1029
-1
6158
3751
2487
-1
9927
4377
5143
-1
-1
6535
-1
-1
849
9650
5961
-1
-1
-1
8980
-1
-1
1864
-1
-1
-1
2061
5838
-1
2995
4302
4003
2590
9635
-1
2000
4967
-1
-1
4808
-1
5374
-1
-1
2211
9307
6679
8895
9944
1302
2190
-1
1606
9232
5843
-1
4587
-1
9230
-1
4750
-1
7049
-1
-1
1836
1656
-1
-1
1073
-1
6164
1417
-1
-1
-1
-1
9337
3251
5317
-1
-1
1308
-1
8330
2920
-1
347
779
-1
9800
8429
-1
-1
-1
-1
7467
-1
-1
-1
-1
4426
-1
-1
8511
-1
-1
8982
-1
1410
-1
3776
3023
7792
-1
-1
-1
7332
-1
2495
8121
-1
8039
3416
-1
-1
-1
-1
-1
2689
-1
-1
-1
5227
-1
-1
2284
3452
-1
-1
4732
-1
-1
-1
-1
-1
-1
-1
2857
4390
8714
4560
5734
-1
3539
-1
3009
-1
388
-1
-1
-1
6743
-1
-1
-1
2169
3510
1704
7306
2001
4112
2317
2724
-1
319
9904
9044
1320
-1
-1
8466
-1
-1
4974
-1
7484
-1
-1
8482
299
5169
5911
-1
-1
-1
2476
-1
433
3351
-1
-1
-1
-1
-1
-1
-1
4518
-1
9522
-1
-1
3021
4354
-1
1713
1555
7710
2557
8867
-1
-1
-1
-1
-1
-1
-1
-1
2568
-1
8236
5029
8556
-1
2673
5841
-1
8135
4294
-1
-1
-1
-1
-1
188
7011
2451
-1
5557
4428
-1
-1
-1
-1
939
9824
7809
-1
-1
4467
-1
8561
-1
6197
-1
9699
-1
4075
-1
-1
6908
7230
3474
-1
2403
-1
9964
4516
6090
9282
-1
-1
639
-1
5646
-1
-1
-1
3171
-1
9704
4038
-1
-1
6213
-1
4158
-1
-1
9293
2776
431
6336
2516
6503
8353
-1
-1
651
-1
3716
5502
-1
-1
-1
-1
5728
-1
8558
-1
-1
8791
-1
6114
7055
8160
-1
-1
827
9417
4812
-1
4287
5369
5808
4483
5939
192
4645
-1
3311
3720
-1
-1
697
-1
3107
5375
-1
-1
8187
3168
-1
7224
-1
-1
9894
1421
1367
-1
-1
-1
-1
5425
-1
-1
-1
6382
-1
5349
9550
951
-1
-1
6100
-1
4116
4922
-1
-1
6784
7019
70
-1
4034
-1
-1
9171
6459
5455
3842
-1
-1
-1
203
3943
8959
2170
-1
1464
-1
9968
-1
2529
902
-1
-1
6228
5522
-1
8779
7323
-1
7397
3465
-1
-1
2436
7750
2267
-1
-1
8140
-1
2068
6709
-1
965
-1
196
-1
4095
-1
7584
-1
2741
-1
7846
-1
3635
7188
-1
1289
4597
-1
-1
-1
-1
8593
6611
7481
-1
647
7918
-1
5030
4711
-1
7043
-1
141
-1
-1
8229
7317
4712
-1
9010
-1
-1
-1
3473
1383
-1
-1
6210
-1
9313
899
2666
5456
-1
8592
4610
3200
5830
-1
5952
-1
2616
-1
-1
-1
1357
4233
-1
5920
-1
-1
-1
-1
-1
-1
5767
6431
-1
5697
-1
-1
-1
5668
-1
2970
-1
-1
2383
-1
-1
-1
4224
-1
-1
4162
-1
-1
-1
9212
4539
-1
7353
-1
7109
5194
-1
-1
9487
-1
881
4884
-1
5335
-1
6644
6321
-1
-1
569
-1
6948
2173
916
336
2464
-1
5412
-1
3938
6854
2913
3422
4372
-1
-1
4857
-1
-1
-1
1044
-1
-1
-1
-1
-1
-1
5565
6177
7349
-1
-1
3540
4208
-1
5892
9035
-1
-1
6953
292
2106
-1
9210
906
-1
-1
8773
148
-1
8713
138
-1
-1
4504
-1
2789
-1
510
-1
4190
-1
5799
1829
-1
1336
-1
-1
4520
6211
-1
-1
2016
7667
-1
-1
707
-1
-1
-1
-1
-1
-1
-1
-1
-1
3820
-1
-1
750
-1
-1
-1
-1
-1
9722
-1
-1
1429
9974
6883
5158
9752
-1
-1
6589
7685
-1
6636
6232
2327
449
-1
-1
-1
-1
9825
-1
8332
-1
-1
-1
6815
-1
3017
-1
-1
-1
6085
-1
-1
-1
-1
-1
-1
-1
-1
-1
-1
-1
-1
-1
-1
3266
-1
-1
-1
6649
-1
-1
3296
-1
8885
1436
-1
5788
-1
6851
6155
4634
-1
-1
-1
-1
9308
9461
2014
-1
4755
-1
6300
9807
-1
6862
-1
-1
7111
-1
-1
-1
5274
4824
2815
1784
-1
525
2297
-1
-1
4621
-1
-1
4495
-1
-1
-1
7911
9776
4895
7611
8406
-1
-1
1477
8962
5013
4149
-1
6132
-1
-1
-1
8712
-1
4612
-1
-1
-1
8487
-1
-1
-1
-1
366
-1
5200
-1
-1
-1
512
9261
6964
2273
-1
-1
7886
450
-1
-1
-1
-1
7336
-1
-1
-1
-1
-1
8162
4448
-1
7425
-1
-1
318
-1
-1
-1
8671
2839
7291
204
4648
9641
-1
-1
5302
-1
-1
-1
8948
-1
-1
8227
6418
868
-1
-1
8087
5209
-1
1611
-1
1470
-1
-1
-1
1761
9547
2030
3374
4212
8940
-1
-1
158
3386
-1
5484
-1
-1
-1
-1
-1
-1
-1
2825
3569
-1
-1
4045
7255
3357
-1
-1
2105
8313
-1
-1
-1
2359
-1
9160
9946
7604
9553
-1
-1
3355
7221
1437
6818
8055
2874
5389
-1
8744
91
7953
783
-1
5401
4412
-1
3978
-1
4222
7256
640
-1
-1
6098
-1
5979
2210
-1
5651
2501
-1
-1
-1
3076
298
-1
170
3185
1834
-1
-1
1863
-1
131
1398
-1
-1
-1
4820
-1
3593
7106
4817
-1
8295
606
-1
66
-1
4741
-1
3365
-1
3705
3596
-1
21
6095
1174
5615
7167
9648
-1
2899
6735
-1
-1
5252
-1
1993
-1
-1
8512
7968
-1
-1
3850
-1
7808
937
-1
1447
8988
-1
-1
7201
-1
-1
6324
-1
1317
-1
-1
4925
-1
2478
-1
9989
9039
6928
5099
1088
9853
-1
-1
-1
-1
-1
9841
-1
-1
-1
5050
-1
2293
-1
1221
5004
-1
8395
7348
-1
5402
1532
-1
-1
-1
6708
-1
-1
9136
7684
-1
9916
-1
-1
-1
-1
-1
1884
7874
-1
8035
6007
8569
8931
-1
167
4870
5170
6416
-1
1517
-1
-1
6140
-1
1229
-1
1212
-1
-1
7487
-1
9184
8497
3431
-1
7284
8918
-1
-1
4513
-1
5932
-1
7141
-1
-1
-1
9312
5384
-1
-1
4305
-1
-1
-1
2580
-1
-1
379
6957
5894
5310
-1
8862
3225
7887
-1
407
1108
-1
-1
4415
7692
-1
9332
4338
3847
8686
-1
1146
-1
5329
8292
3512
1731
6741
3224
1152
-1
-1
-1
-1
-1
3694
-1
8680
7234
4825
3468
7178
4517
3561
-1
3245
-1
-1
3625
-1
-1
-1
1413
892
3221
5149
-1
-1
878
-1
-1
5948
-1
-1
8741
-1
173
-1
-1
-1
8002
3299
6105
-1
-1
-1
9430
3869
2122
-1
-1
850
-1
9899
4333
6542
-1
1934
-1
-1
-1
2165
-1
1011
2985
7706
1056
-1
-1
-1
-1
-1
-1
-1
7292
-1
7738
-1
-1
2318
6107
2158
764
-1
-1
4568
-1
7989
-1
-1
-1
9836
-1
8854
7217
-1
-1
701
-1
5562
8678
-1
-1
-1
4988
-1
-1
2653
6753
9970
-1
-1
-1
4804
9182
438
-1
3976
-1
-1
7004
5267
-1
-1
6262
-1
-1
9440
-1
-1
137
5011
7170
5038
6137
5471
8117
2388
6270
-1
4086
6693
-1
-1
42
-1
8825
5702
-1
-1
7573
-1
-1
2611
9928
2130
-1
904
3592
-1
-1
-1
-1
-1
1242
7716
7614
-1
-1
-1
1458
-1
7563
276
-1
-1
4322
-1
2513
-1
-1
3576
-1
6639
-1
-1
7571
3069
-1
-1
733
281
-1
888
-1
7752
-1
-1
3712
-1
-1
5619
5226
8450
-1
3698
8018
-1
-1
-1
-1
-1
683
7179
1980
-1
-1
8213
8501
-1
7786
-1
-1
-1
-1
-1
