Case 1:
contested 220
Case 2:
d 25
e 24
g 6
h 31
j 10
l 27
m 8
n 17
o 6
s 4
w 8
x 22
y 19
contested 24
Case 3:
a 87
c 77
e 36
g 12
i 74
j 90
r 93
t 94
v 17
x 25
y 74
contested 0
Case 4:
d 1
k 1
l 1
t 1
contested 4
Case 5:
a 6
b 15
c 14
d 21
e 12
f 9
g 2
h 9
i 9
j 2
k 3
l 1
m 7
n 18
p 6
q 21
r 12
s 10
t 10
u 15
v 18
w 8
x 6
y 5
z 7
contested 26
Case 6:
a 8
c 16
g 40
j 7
k 47
l 32
m 15
o 24
p 15
v 46
w 28
contested 108
Case 7:
a 10
c 5
e 7
g 11
k 1
l 8
n 12
p 6
r 7
s 3
t 10
w 1
z 3
contested 41
Case 8:
a 6
d 13
j 58
l 80
m 93
q 107
w 88
contested 4
Case 9:
c 1
e 1
g 1
r 1
contested 4
Case 10:
i 2
j 36
k 29
n 12
o 18
p 12
q 12
r 33
t 39
u 4
w 28
y 31
z 29
contested 9
Case 11:
a 16
b 12
c 14
d 13
e 21
g 17
h 6
i 9
k 11
l 19
m 12
n 18
p 9
q 14
r 4
s 18
t 11
u 7
v 28
w 14
y 7
z 17
contested 128
Case 12:
c 16
k 14
o 19
q 28
s 13
w 17
contested 49
Case 13:
a 39
b 42
d 4
f 39
g 51
h 14
k 25
l 21
m 32
n 36
q 5
t 39
x 19
contested 31
Case 14:
a 10
f 7
g 4
h 8
j 2
l 5
m 1
o 7
p 12
r 4
y 7
z 2
contested 114
Case 15:
c 223
f 255
g 16
h 322
j 118
k 181
l 368
p 39
q 236
r 302
t 21
v 71
y 16
contested 2
Case 16:
g 46
h 118
o 90
w 232
z 17
contested 30
Case 17:
b 1
e 1
f 1
g 1
i 1
l 1
p 1
q 1
r 2
t 1
w 1
y 1
contested 2
Case 18:
b 4
d 1
h 10
i 2
k 3
m 3
o 7
p 3
q 13
t 10
u 7
w 11
y 9
contested 132
Case 19:
contested 1
Case 20:
contested 92
Case 21:
a 8
b 14
c 8
e 22
f 5
g 1
i 13
l 7
o 14
p 20
r 10
s 6
t 13
u 4
v 16
w 7
x 12
y 3
z 5
contested 71
Case 22:
b 1
d 1
r 2
contested 0
Case 23:
a 6
b 1
c 6
d 4
f 1
g 6
h 2
i 6
j 1
k 5
l 3
m 1
n 2
q 1
r 4
s 9
t 4
u 4
v 7
w 4
x 3
y 6
contested 164
Case 24:
a 16
b 25
c 24
e 15
f 14
g 22
i 8
j 7
k 16
l 1
m 19
n 22
o 8
p 20
q 13
r 6
s 6
t 13
u 3
v 15
w 11
x 24
y 7
z 7
contested 5
Case 25:
a 12
b 18
e 13
f 9
h 12
i 10
m 11
n 10
o 12
q 7
r 17
s 19
u 8
x 15
z 9
contested 46
Case 26:
c 67
f 13
j 9
l 18
o 23
p 31
q 58
s 5
t 69
u 25
v 78
w 37
x 77
contested 48
Case 27:
a 3
b 11
f 1
h 3
i 9
j 8
l 19
n 15
o 13
p 9
r 5
s 8
t 5
u 3
w 16
z 12
contested 111
Case 28:
f 34
g 35
i 37
j 18
l 5
n 40
u 27
x 13
contested 68
Case 29:
contested 2
Case 30:
b 43
d 8
e 37
i 31
q 19
r 42
t 9
v 26
x 13
contested 45
Case 31:
a 12
b 9
c 14
d 21
e 13
f 14
g 5
h 7
i 8
j 14
k 17
m 8
n 17
o 7
p 16
q 10
r 6
s 14
t 12
w 8
x 12
y 6
z 4
contested 85
Case 32:
contested 0
Case 33:
a 2
b 2
c 2
f 2
g 1
h 3
i 4
k 4
l 3
m 1
n 5
o 1
r 2
s 2
u 2
v 1
w 4
y 1
contested 0
Case 34:
a 27
b 5
c 29
d 18
f 8
g 21
h 3
i 13
j 2
k 5
l 4
m 27
n 14
o 15
p 28
q 29
s 8
t 9
u 34
v 23
w 8
x 29
y 20
z 10
contested 243
Case 35:
a 3
b 4
f 5
g 7
h 9
j 4
l 3
m 9
n 14
o 4
q 2
r 3
s 8
w 7
z 11
contested 64
Case 36:
b 5
c 4
f 2
k 3
l 1
contested 11
Case 37:
c 2
l 3
q 1
r 1
y 1
contested 2
Case 38:
b 5
d 9
h 10
n 9
r 9
w 8
contested 15
Case 39:
h 23
l 10
o 15
q 18
s 25
v 15
z 16
contested 24
Case 40:
a 11
b 16
c 8
d 7
e 17
f 28
g 11
h 18
j 18
k 16
m 1
n 25
o 12
p 15
q 4
s 3
t 13
v 28
w 3
x 12
z 18
contested 543
Case 41:
b 1
contested 0
Case 42:
a 1
b 16
c 8
d 4
e 3
f 2
g 6
h 10
j 16
k 4
l 13
m 12
n 12
o 15
p 10
q 2
r 4
t 3
v 19
w 18
x 11
y 9
z 14
contested 75
Case 43:
a 7
b 36
c 24
d 19
e 8
f 35
g 12
h 3
i 21
j 32
k 17
l 20
m 13
n 4
o 17
p 15
q 22
r 2
s 37
t 4
u 26
v 17
w 9
x 3
y 9
z 29
contested 55
Case 44:
c 16
d 64
h 28
i 64
j 9
n 75
o 50
p 42
q 17
t 38
v 39
x 39
contested 0
Case 45:
c 5
d 3
e 7
g 1
l 1
m 3
n 8
t 1
v 3
contested 3
Case 46:
a 6
b 2
c 7
d 1
e 12
f 11
g 9
h 7
i 6
j 8
n 1
o 10
r 5
s 1
t 2
u 1
x 3
z 1
contested 71
Case 47:
c 139
e 37
f 18
g 134
h 104
p 50
contested 95
Case 48:
a 147
e 29
h 105
i 102
j 148
m 10
p 54
q 96
s 7
u 48
w 127
x 49
y 87
contested 39
Case 49:
b 3
c 1
d 3
i 1
s 2
contested 9
Case 50:
d 1
g 2
h 2
i 2
l 1
m 2
contested 0
Case 51:
b 41
i 26
n 10
r 57
t 36
w 31
contested 98
Case 52:
c 2
f 1
k 1
v 1
y 1
contested 2
Case 53:
b 17
h 15
l 37
q 93
t 39
v 51
y 54
contested 0
Case 54:
b 1
c 4
d 3
o 3
q 3
t 3
x 4
contested 8
Case 55:
b 2
c 2
d 1
g 2
l 1
m 1
p 2
u 1
v 1
w 1
x 1
contested 1
Case 56:
c 8
j 16
o 66
r 61
v 12
x 68
contested 88
Case 57:
b 36
c 98
e 13
q 1
x 14
y 9
contested 45
Case 58:
b 8
c 8
e 3
f 3
g 9
h 2
k 9
l 9
p 13
q 6
r 6
t 7
u 8
v 5
x 1
y 7
contested 50
Case 59:
a 430
d 343
h 25
j 62
k 447
l 200
s 310
t 318
u 162
contested 0
Case 60:
contested 0
Case 61:
contested 0
Case 62:
c 18
h 12
i 21
k 1
r 5
y 21
z 15
contested 0
Case 63:
c 1
d 3
p 3
s 7
t 2
contested 7
Case 64:
a 8
c 10
d 12
e 3
f 13
h 7
i 11
k 14
o 2
p 6
q 3
r 6
s 6
u 3
w 2
z 10
contested 32
Case 65:
d 1
q 1
u 1
v 1
contested 0
Case 66:
i 1
j 14
q 9
v 7
contested 2
Case 67:
a 1
b 11
c 3
e 1
f 3
g 6
h 3
i 2
j 2
k 5
l 1
m 3
n 7
o 3
p 1
r 2
t 8
u 3
w 3
x 4
y 9
contested 3
Case 68:
contested 0
Case 69:
a 4
c 3
d 8
f 6
g 3
j 9
l 4
n 18
o 12
p 4
q 1
s 3
w 2
y 4
z 9
contested 90
Case 70:
c 2
d 82
f 51
g 17
j 60
p 83
r 43
x 31
y 3
contested 11
Case 71:
a 2
b 22
c 29
d 6
e 18
f 11
g 18
h 14
i 9
k 12
l 23
m 6
n 38
o 40
p 8
r 22
s 37
t 7
u 4
v 34
w 8
x 41
y 34
z 21
contested 28
Case 72:
a 1
t 1
w 1
contested 1
Case 73:
a 4
b 4
c 1
d 5
h 6
m 8
o 7
r 6
t 4
y 1
z 1
contested 25
Case 74:
c 1
e 1
f 1
g 1
n 1
o 1
p 1
v 1
w 2
y 2
contested 4
Case 75:
contested 0
Case 76:
b 1
f 2
m 1
n 5
q 5
s 3
u 5
contested 3
Case 77:
contested 0
Case 78:
b 12
c 12
d 12
f 6
i 2
j 4
m 8
o 2
p 18
q 11
r 7
s 1
u 13
x 10
y 8
z 9
contested 35
Case 79:
a 8
c 2
d 11
e 11
g 6
l 6
m 6
n 1
p 2
q 4
s 13
u 12
w 11
x 12
y 3
z 6
contested 34
Case 80:
a 24
b 2
c 18
d 4
e 7
f 22
g 10
h 23
i 1
j 12
l 8
m 24
n 12
o 12
r 9
u 24
v 18
w 3
x 9
z 6
contested 77
Case 81:
a 7
b 4
c 3
e 9
g 1
h 3
i 15
j 2
k 6
m 4
n 3
o 4
r 4
s 3
t 1
u 2
w 5
x 1
y 2
contested 29
Case 82:
j 29
k 2
n 35
r 17
s 66
t 14
u 33
y 3
contested 38
Case 83:
a 9
b 8
e 14
g 22
h 13
i 12
k 1
l 44
m 27
n 1
p 3
q 24
u 3
v 21
w 5
x 9
y 4
z 21
contested 93
Case 84:
a 20
d 14
e 16
f 13
g 8
i 5
k 10
m 6
n 11
q 1
r 9
s 15
u 3
v 11
w 3
x 18
z 3
contested 107
Case 85:
e 10
f 18
h 14
j 73
m 65
n 45
o 26
p 22
q 27
r 17
t 9
x 47
y 37
contested 85
Case 86:
contested 6
Case 87:
a 34
c 3
i 24
k 22
m 20
n 41
o 4
p 11
u 45
y 63
z 89
contested 69
Case 88:
a 26
b 29
c 30
d 21
f 2
g 1
h 11
j 27
k 18
l 7
m 26
n 3
o 21
p 19
q 13
r 7
s 10
u 18
v 34
w 3
x 5
y 9
contested 13
Case 89:
c 35
d 24
e 20
f 35
k 56
l 53
m 47
w 43
x 28
z 35
contested 48
Case 90:
contested 13
Case 91:
d 11
f 3
k 3
s 1
u 4
w 19
contested 30
Case 92:
a 5
b 8
e 9
f 4
g 9
h 6
i 7
j 4
k 6
m 15
n 14
o 3
p 5
q 10
r 3
s 11
t 1
u 7
v 6
w 4
x 9
y 3
contested 10
Case 93:
a 4
b 4
c 2
e 5
g 3
h 6
i 1
j 1
k 1
l 1
m 7
o 2
p 7
q 4
r 1
s 1
t 2
u 4
v 6
w 1
x 1
y 1
contested 122
Case 94:
a 3
c 4
e 2
i 1
l 1
n 2
p 1
r 2
x 2
z 2
contested 12
Case 95:
a 5
c 1
d 2
e 1
f 4
g 5
i 1
p 2
q 1
r 3
x 1
contested 2
Case 96:
a 11
b 15
c 5
d 12
e 14
f 6
g 14
h 8
i 7
j 6
k 5
l 10
m 9
n 14
o 17
q 11
r 6
t 8
u 1
w 8
y 17
z 10
contested 22
Case 97:
e 3
q 3
v 5
y 2
z 1
contested 17
Case 98:
e 12
g 33
i 42
m 93
s 16
u 50
contested 69
Case 99:
contested 92
Case 100:
d 8
i 2
m 7
n 6
p 1
q 8
v 3
x 1
y 5
contested 34
